# JRE version: OpenJDK Runtime Environment (7.0_85-b01) (build 1.7.0_85-b01)
# Java VM: OpenJDK 64-Bit Server VM (24.85-b03 mixed mode linux-amd64 compressed oops)
Heap
 PSYoungGen      total 165888K, used 0K [0x00000000f2200000, 0x00000000ff280000, 0x0000000100000000)
  eden space 130560K, 0% used [0x00000000f2200000,0x00000000f2200000,0x00000000fa180000)
  from space 35328K, 0% used [0x00000000fa180000,0x00000000fa180000,0x00000000fc400000)
  to   space 35840K, 0% used [0x00000000fcf80000,0x00000000fcf80000,0x00000000ff280000)
 ParOldGen       total 153600K, used 153134K [0x00000000d6600000, 0x00000000dfc00000, 0x00000000f2200000)
  object space 153600K, 99% used [0x00000000d6600000,0x00000000dfb8b820,0x00000000dfc00000)
 PSPermGen       total 21504K, used 3848K [0x00000000cc000000, 0x00000000cd500000, 0x00000000d6600000)
  object space 21504K, 17% used [0x00000000cc000000,0x00000000cc3c2058,0x00000000cd500000)
GC Heap History (10 events):
Event: 110.701 GC heap after
Heap after GC invocations=29 (full 4):
 PSYoungGen      total 142336K, used 15216K [0x00000000f2200000, 0x00000000fcc80000, 0x0000000100000000)
  eden space 121344K, 0% used [0x00000000f2200000,0x00000000f2200000,0x00000000f9880000)
  from space 20992K, 72% used [0x00000000f9880000,0x00000000fa75c0f0,0x00000000fad00000)
  to   space 22016K, 0% used [0x00000000fb700000,0x00000000fb700000,0x00000000fcc80000)
 ParOldGen       total 153600K, used 97696K [0x00000000d6600000, 0x00000000dfc00000, 0x00000000f2200000)
  object space 153600K, 63% used [0x00000000d6600000,0x00000000dc5682e8,0x00000000dfc00000)
 PSPermGen       total 21504K, used 3848K [0x00000000cc000000, 0x00000000cd500000, 0x00000000d6600000)
  object space 21504K, 17% used [0x00000000cc000000,0x00000000cc3c2058,0x00000000cd500000)
}
Event: 118.038 GC heap before
{Heap before GC invocations=30 (full 4):
 PSYoungGen      total 142336K, used 136560K [0x00000000f2200000, 0x00000000fcc80000, 0x0000000100000000)
  eden space 121344K, 100% used [0x00000000f2200000,0x00000000f9880000,0x00000000f9880000)
  from space 20992K, 72% used [0x00000000f9880000,0x00000000fa75c0f0,0x00000000fad00000)
  to   space 22016K, 0% used [0x00000000fb700000,0x00000000fb700000,0x00000000fcc80000)
 ParOldGen       total 153600K, used 97696K [0x00000000d6600000, 0x00000000dfc00000, 0x00000000f2200000)
  object space 153600K, 63% used [0x00000000d6600000,0x00000000dc5682e8,0x00000000dfc00000)
 PSPermGen       total 21504K, used 3848K [0x00000000cc000000, 0x00000000cd500000, 0x00000000d6600000)
  object space 21504K, 17% used [0x00000000cc000000,0x00000000cc3c2058,0x00000000cd500000)
Event: 118.110 GC heap after
Heap after GC invocations=30 (full 4):
 PSYoungGen      total 147968K, used 22000K [0x00000000f2200000, 0x00000000fd600000, 0x0000000100000000)
  eden space 125952K, 0% used [0x00000000f2200000,0x00000000f2200000,0x00000000f9d00000)
  from space 22016K, 99% used [0x00000000fb700000,0x00000000fcc7c180,0x00000000fcc80000)
  to   space 26624K, 0% used [0x00000000f9d00000,0x00000000f9d00000,0x00000000fb700000)
 ParOldGen       total 153600K, used 102069K [0x00000000d6600000, 0x00000000dfc00000, 0x00000000f2200000)
  object space 153600K, 66% used [0x00000000d6600000,0x00000000dc9ad518,0x00000000dfc00000)
 PSPermGen       total 21504K, used 3848K [0x00000000cc000000, 0x00000000cd500000, 0x00000000d6600000)
  object space 21504K, 17% used [0x00000000cc000000,0x00000000cc3c2058,0x00000000cd500000)
}
Event: 126.677 GC heap before
{Heap before GC invocations=31 (full 4):
 PSYoungGen      total 147968K, used 147952K [0x00000000f2200000, 0x00000000fd600000, 0x0000000100000000)
  eden space 125952K, 100% used [0x00000000f2200000,0x00000000f9d00000,0x00000000f9d00000)
  from space 22016K, 99% used [0x00000000fb700000,0x00000000fcc7c180,0x00000000fcc80000)
  to   space 26624K, 0% used [0x00000000f9d00000,0x00000000f9d00000,0x00000000fb700000)
 ParOldGen       total 153600K, used 102069K [0x00000000d6600000, 0x00000000dfc00000, 0x00000000f2200000)
  object space 153600K, 66% used [0x00000000d6600000,0x00000000dc9ad518,0x00000000dfc00000)
 PSPermGen       total 21504K, used 3848K [0x00000000cc000000, 0x00000000cd500000, 0x00000000d6600000)
  object space 21504K, 17% used [0x00000000cc000000,0x00000000cc3c2058,0x00000000cd500000)
Event: 126.769 GC heap after
Heap after GC invocations=31 (full 4):
 PSYoungGen      total 152576K, used 22016K [0x00000000f2200000, 0x00000000fe080000, 0x0000000100000000)
  eden space 125952K, 0% used [0x00000000f2200000,0x00000000f2200000,0x00000000f9d00000)
  from space 26624K, 82% used [0x00000000f9d00000,0x00000000fb2802a0,0x00000000fb700000)
  to   space 29184K, 0% used [0x00000000fc400000,0x00000000fc400000,0x00000000fe080000)
 ParOldGen       total 153600K, used 114702K [0x00000000d6600000, 0x00000000dfc00000, 0x00000000f2200000)
  object space 153600K, 74% used [0x00000000d6600000,0x00000000dd6039f8,0x00000000dfc00000)
 PSPermGen       total 21504K, used 3848K [0x00000000cc000000, 0x00000000cd500000, 0x00000000d6600000)
  object space 21504K, 17% used [0x00000000cc000000,0x00000000cc3c2058,0x00000000cd500000)
}
Event: 135.118 GC heap before
{Heap before GC invocations=32 (full 4):
 PSYoungGen      total 152576K, used 147968K [0x00000000f2200000, 0x00000000fe080000, 0x0000000100000000)
  eden space 125952K, 100% used [0x00000000f2200000,0x00000000f9d00000,0x00000000f9d00000)
  from space 26624K, 82% used [0x00000000f9d00000,0x00000000fb2802a0,0x00000000fb700000)
  to   space 29184K, 0% used [0x00000000fc400000,0x00000000fc400000,0x00000000fe080000)
 ParOldGen       total 153600K, used 114702K [0x00000000d6600000, 0x00000000dfc00000, 0x00000000f2200000)
  object space 153600K, 74% used [0x00000000d6600000,0x00000000dd6039f8,0x00000000dfc00000)
 PSPermGen       total 21504K, used 3848K [0x00000000cc000000, 0x00000000cd500000, 0x00000000d6600000)
  object space 21504K, 17% used [0x00000000cc000000,0x00000000cc3c2058,0x00000000cd500000)
Event: 135.199 GC heap after
Heap after GC invocations=32 (full 4):
 PSYoungGen      total 159744K, used 29169K [0x00000000f2200000, 0x00000000fec80000, 0x0000000100000000)
  eden space 130560K, 0% used [0x00000000f2200000,0x00000000f2200000,0x00000000fa180000)
  from space 29184K, 99% used [0x00000000fc400000,0x00000000fe07c480,0x00000000fe080000)
  to   space 35328K, 0% used [0x00000000fa180000,0x00000000fa180000,0x00000000fc400000)
 ParOldGen       total 153600K, used 118926K [0x00000000d6600000, 0x00000000dfc00000, 0x00000000f2200000)
  object space 153600K, 77% used [0x00000000d6600000,0x00000000dda23aa8,0x00000000dfc00000)
 PSPermGen       total 21504K, used 3848K [0x00000000cc000000, 0x00000000cd500000, 0x00000000d6600000)
  object space 21504K, 17% used [0x00000000cc000000,0x00000000cc3c2058,0x00000000cd500000)
}
Event: 144.221 GC heap before
{Heap before GC invocations=33 (full 4):
 PSYoungGen      total 159744K, used 159729K [0x00000000f2200000, 0x00000000fec80000, 0x0000000100000000)
  eden space 130560K, 100% used [0x00000000f2200000,0x00000000fa180000,0x00000000fa180000)
  from space 29184K, 99% used [0x00000000fc400000,0x00000000fe07c480,0x00000000fe080000)
  to   space 35328K, 0% used [0x00000000fa180000,0x00000000fa180000,0x00000000fc400000)
 ParOldGen       total 153600K, used 118926K [0x00000000d6600000, 0x00000000dfc00000, 0x00000000f2200000)
  object space 153600K, 77% used [0x00000000d6600000,0x00000000dda23aa8,0x00000000dfc00000)
 PSPermGen       total 21504K, used 3848K [0x00000000cc000000, 0x00000000cd500000, 0x00000000d6600000)
  object space 21504K, 17% used [0x00000000cc000000,0x00000000cc3c2058,0x00000000cd500000)
Event: 144.308 GC heap after
Heap after GC invocations=33 (full 4):
 PSYoungGen      total 165888K, used 22432K [0x00000000f2200000, 0x00000000ff280000, 0x0000000100000000)
  eden space 130560K, 0% used [0x00000000f2200000,0x00000000f2200000,0x00000000fa180000)
  from space 35328K, 63% used [0x00000000fa180000,0x00000000fb768310,0x00000000fc400000)
  to   space 35840K, 0% used [0x00000000fcf80000,0x00000000fcf80000,0x00000000ff280000)
 ParOldGen       total 153600K, used 138165K [0x00000000d6600000, 0x00000000dfc00000, 0x00000000f2200000)
  object space 153600K, 89% used [0x00000000d6600000,0x00000000deced7a8,0x00000000dfc00000)
 PSPermGen       total 21504K, used 3848K [0x00000000cc000000, 0x00000000cd500000, 0x00000000d6600000)
  object space 21504K, 17% used [0x00000000cc000000,0x00000000cc3c2058,0x00000000cd500000)
}
Event: 144.308 GC heap before
{Heap before GC invocations=34 (full 5):
 PSYoungGen      total 165888K, used 22432K [0x00000000f2200000, 0x00000000ff280000, 0x0000000100000000)
  eden space 130560K, 0% used [0x00000000f2200000,0x00000000f2200000,0x00000000fa180000)
  from space 35328K, 63% used [0x00000000fa180000,0x00000000fb768310,0x00000000fc400000)
  to   space 35840K, 0% used [0x00000000fcf80000,0x00000000fcf80000,0x00000000ff280000)
 ParOldGen       total 153600K, used 138165K [0x00000000d6600000, 0x00000000dfc00000, 0x00000000f2200000)
  object space 153600K, 89% used [0x00000000d6600000,0x00000000deced7a8,0x00000000dfc00000)
 PSPermGen       total 21504K, used 3848K [0x00000000cc000000, 0x00000000cd500000, 0x00000000d6600000)
  object space 21504K, 17% used [0x00000000cc000000,0x00000000cc3c2058,0x00000000cd500000)

